{"/Users/josh/Code/palindrome/src/palindrome.js":{"path":"/Users/josh/Code/palindrome/src/palindrome.js","s":{"1":1,"2":6,"3":1,"4":6,"5":1,"6":6,"7":6},"b":{},"f":{"1":6,"2":6,"3":6},"fnMap":{"1":{"name":"sanitize","line":1,"loc":{"start":{"line":1,"column":0},"end":{"line":1,"column":27}}},"2":{"name":"reverse","line":5,"loc":{"start":{"line":5,"column":0},"end":{"line":5,"column":26}}},"3":{"name":"isPalindrome","line":9,"loc":{"start":{"line":9,"column":17},"end":{"line":9,"column":48}}}},"statementMap":{"1":{"start":{"line":1,"column":0},"end":{"line":3,"column":1}},"2":{"start":{"line":2,"column":4},"end":{"line":2,"column":51}},"3":{"start":{"line":5,"column":0},"end":{"line":7,"column":1}},"4":{"start":{"line":6,"column":4},"end":{"line":6,"column":47}},"5":{"start":{"line":9,"column":0},"end":{"line":13,"column":2}},"6":{"start":{"line":10,"column":4},"end":{"line":10,"column":35}},"7":{"start":{"line":12,"column":4},"end":{"line":12,"column":40}}},"branchMap":{}}}